----------   Running  Command   ---------- 

COMMAND: /home/benjha/code/anaconda3/envs/smartsim/lib/python3.8/site-packages/smartsim/bin/redis-server /home/benjha/code/anaconda3/envs/smartsim/lib/python3.8/site-packages/smartsim/database/redis6.conf --loadmodule /home/benjha/code/anaconda3/envs/smartsim/lib/python3.8/site-packages/smartsim/lib/redisai.so --port 6780 --bind 127.0.0.1

IPADDRESS: 127.0.0.1

NETWORK: lo

------------------------------ 


----------   Output   ---------- 


7854:C 27 Sep 2021 17:32:28.221 # oO0OoO0OoO0Oo Redis is starting oO0OoO0OoO0Oo
7854:C 27 Sep 2021 17:32:28.221 # Redis version=6.0.8, bits=64, commit=03b59cd5, modified=0, pid=7854, just started
7854:C 27 Sep 2021 17:32:28.221 # Configuration loaded
7854:M 27 Sep 2021 17:32:28.222 * Increased maximum number of open files to 50032 (it was originally set to 1024).
                _._
           _.-``__ ''-._
      _.-``    `.  `_.  ''-._           Redis 6.0.8 (03b59cd5/0) 64 bit
  .-`` .-```.  ```\/    _.,_ ''-._
 (    '      ,       .-`  | `,    )     Running in standalone mode
 |`-._`-...-` __...-.``-._|'` _.-'|     Port: 6780
 |    `-._   `._    /     _.-'    |     PID: 7854
  `-._    `-._  `-./  _.-'    _.-'
 |`-._`-._    `-.__.-'    _.-'_.-'|
 |    `-._`-._        _.-'_.-'    |           http://redis.io
  `-._    `-._`-.__.-'_.-'    _.-'
 |`-._`-._    `-.__.-'    _.-'_.-'|
 |    `-._`-._        _.-'_.-'    |
  `-._    `-._`-.__.-'_.-'    _.-'
      `-._    `-.__.-'    _.-'
          `-._        _.-'
              `-.__.-'

7854:M 27 Sep 2021 17:32:28.222 # Server initialized
7854:M 27 Sep 2021 17:32:28.222 # WARNING overcommit_memory is set to 0! Background save may fail under low memory condition. To fix this issue add 'vm.overcommit_memory = 1' to /etc/sysctl.conf and then reboot or run the command 'sysctl vm.overcommit_memory=1' for this to take effect.
7854:M 27 Sep 2021 17:32:28.222 * <ai> Redis version found by RedisAI: 6.0.8 - oss
7854:M 27 Sep 2021 17:32:28.222 * <ai> RedisAI version 10203, git_sha=3f192ebd2bc874fb21cfdb3aff3bb0647df9b6ea
7854:M 27 Sep 2021 17:32:28.223 * Module 'ai' loaded from /home/benjha/code/anaconda3/envs/smartsim/lib/python3.8/site-packages/smartsim/lib/redisai.so
7854:M 27 Sep 2021 17:32:28.223 * Ready to accept connections
